2018/06/16 17:46:03.248 [I] [asm_amd64.s:2337] http server Running on http://:9100
2018/06/22 13:36:43.576 [I] [asm_amd64.s:2337] http server Running on http://:9100
2018/06/22 13:37:05.009 [I] [asm_amd64.s:2337] http server Running on http://:9100
2018/06/22 14:06:06.196 [I] [asm_amd64.s:2337] http server Running on http://:9100
2018/06/22 14:54:04.067 [I] [asm_amd64.s:2337] http server Running on http://:9100
2018/06/22 14:58:21.417 [I] [asm_amd64.s:2337] http server Running on http://:9100
2018/07/29 01:09:32.387 [I] [asm_amd64.s:2337] http server Running on http://:9100
2018/07/29 01:09:41.569 [I] [asm_amd64.s:2337] http server Running on http://:9100
2018/09/20 16:09:42.827 [I] [asm_amd64.s:2337] http server Running on http://:9100
2018/09/20 16:14:11.652 [I] [asm_amd64.s:2337] http server Running on http://:9100
2018/09/20 16:15:01.049 [I] [asm_amd64.s:2337] http server Running on http://:9100
2018/09/20 16:30:09.561 [D] [controller.go:263] template Execute err: html/template:pc/index.html: ends in a non-text context: {stateJS delimNone urlPartNone jsCtxDivOp attrNone elementScript <nil>}
2018/09/20 16:30:09.561 [E] [server.go:2619] html/template:pc/index.html: ends in a non-text context: {stateJS delimNone urlPartNone jsCtxDivOp attrNone elementScript <nil>}
2018/09/20 16:30:09.565 [D] [server.go:2619] 127.0.0.1 - - [20/Sep/2018 04:30:09] "GET / HTTP/1.1 200 0" 0.017958  Mozilla/5.0 (Windows NT 10.0; WOW64) AppleWebKit/537.36 (KHTML, like Gecko) Chrome/67.0.3386.1 Safari/537.36

2018/09/20 16:30:13.989 [D] [server.go:2619] 127.0.0.1 - - [20/Sep/2018 04:30:13] "GET /ws/count HTTP/1.1 200 0" 0.000000  Mozilla/5.0 (Windows NT 10.0; WOW64) AppleWebKit/537.36 (KHTML, like Gecko) Chrome/67.0.3386.1 Safari/537.36

2018/09/20 16:30:14.302 [D] [server.go:2619] 127.0.0.1 - - [20/Sep/2018 04:30:14] "GET /favicon.ico HTTP/1.1 404 0" 0.001994 http://127.0.0.1:9100/ws/count Mozilla/5.0 (Windows NT 10.0; WOW64) AppleWebKit/537.36 (KHTML, like Gecko) Chrome/67.0.3386.1 Safari/537.36

2018/09/20 16:43:49.639 [D] [server.go:2619] 127.0.0.1 - - [20/Sep/2018 04:43:49] "GET /ws/count HTTP/1.1 200 0" 0.000997  Mozilla/5.0 (Windows NT 10.0; WOW64) AppleWebKit/537.36 (KHTML, like Gecko) Chrome/67.0.3386.1 Safari/537.36

2018/09/20 16:43:52.344 [D] [server.go:2619] 127.0.0.1 - - [20/Sep/2018 04:43:52] "GET /ws/count HTTP/1.1 200 0" 0.000000  Mozilla/5.0 (Windows NT 10.0; WOW64) AppleWebKit/537.36 (KHTML, like Gecko) Chrome/67.0.3386.1 Safari/537.36

2018/09/20 16:44:28.147 [D] [controller.go:263] template Execute err: html/template:pc/index.html: ends in a non-text context: {stateJS delimNone urlPartNone jsCtxDivOp attrNone elementScript <nil>}
2018/09/20 16:44:28.147 [E] [server.go:2619] html/template:pc/index.html: ends in a non-text context: {stateJS delimNone urlPartNone jsCtxDivOp attrNone elementScript <nil>}
2018/09/20 16:44:28.148 [D] [server.go:2619] 127.0.0.1 - - [20/Sep/2018 04:44:28] "GET / HTTP/1.1 200 0" 0.003988  Mozilla/5.0 (Windows NT 10.0; WOW64) AppleWebKit/537.36 (KHTML, like Gecko) Chrome/67.0.3386.1 Safari/537.36

2018/09/20 16:51:13.255 [I] [asm_amd64.s:2337] http server Running on http://:9100
2018/09/20 16:51:19.470 [I] [asm_amd64.s:2337] http server Running on http://:9100
2018/09/20 16:54:36.487 [I] [asm_amd64.s:2337] http server Running on http://:9100
2018/09/20 16:54:45.463 [I] [asm_amd64.s:2337] http server Running on http://:9100
2018/09/20 16:55:38.123 [I] [asm_amd64.s:2337] http server Running on http://:9100
2018/09/20 16:55:38.125 [C] [asm_amd64.s:2337] ListenAndServe:  listen tcp :9100: bind: Only one usage of each socket address (protocol/network address/port) is normally permitted.
2018/09/20 16:55:53.038 [I] [asm_amd64.s:2337] http server Running on http://:9100
2018/09/20 16:55:58.978 [I] [asm_amd64.s:2337] http server Running on http://:9100
2018/09/20 16:56:32.057 [server.go:2846] [HTTP] http: response.Write on hijacked connection
2018/09/20 16:56:32.057 [D] [Client.go:108] 消息： {"Type":2,"User":"游客100001","Channel":"","Content":"websocket_JOIN"} 
